<?xml version="1.0" encoding="UTF-8"?>
<!-- Generated by org.testng.reporters.JUnitReportReporter -->
<testsuite hostname="LAPTOP-MFNQ5GI6" failures="0" tests="1" name="tests.LoginPageTest" time="0.198" errors="0" timestamp="20 Feb 2025 18:44:59 GMT" skipped="0">
  <testcase classname="tests.LoginPageTest" name="loginPageNavigationTest" time="0.198"/>
</testsuite> <!-- tests.LoginPageTest -->
